Error: error:04800064:PEM routines::bad base64 decode
    at node:internal/tls/secure-context:70:13
    at Array.forEach (<anonymous>)
    at setCerts (node:internal/tls/secure-context:68:3)
    at configSecureContext (node:internal/tls/secure-context:191:5)
    at Object.createSecureContext (node:_tls_common:113:3)
    at Server.setSecureContext (node:_tls_wrap:1490:27)
    at Server (node:_tls_wrap:1354:8)
    at new Server (node:https:80:3)
    at Object.createServer (node:https:135:10)
    at Object.<anonymous> (C:\Users\JuanPabloGaviria\git\boltcard-nwc\simple-https-proxy.js:54:27)
Error: error:04800064:PEM routines::bad base64 decode
    at node:internal/tls/secure-context:70:13
    at Array.forEach (<anonymous>)
    at setCerts (node:internal/tls/secure-context:68:3)
    at configSecureContext (node:internal/tls/secure-context:191:5)
    at Object.createSecureContext (node:_tls_common:113:3)
    at Server.setSecureContext (node:_tls_wrap:1490:27)
    at Server (node:_tls_wrap:1354:8)
    at new Server (node:https:80:3)
    at Object.createServer (node:https:135:10)
    at Object.<anonymous> (C:\Users\JuanPabloGaviria\git\boltcard-nwc\simple-https-proxy.js:54:27)
Error: error:04800064:PEM routines::bad base64 decode
    at node:internal/tls/secure-context:70:13
    at Array.forEach (<anonymous>)
    at setCerts (node:internal/tls/secure-context:68:3)
    at configSecureContext (node:internal/tls/secure-context:191:5)
    at Object.createSecureContext (node:_tls_common:113:3)
    at Server.setSecureContext (node:_tls_wrap:1490:27)
    at Server (node:_tls_wrap:1354:8)
    at new Server (node:https:80:3)
    at Object.createServer (node:https:135:10)
    at Object.<anonymous> (C:\Users\JuanPabloGaviria\git\boltcard-nwc\simple-https-proxy.js:54:27)
Error: error:04800064:PEM routines::bad base64 decode
    at node:internal/tls/secure-context:70:13
    at Array.forEach (<anonymous>)
    at setCerts (node:internal/tls/secure-context:68:3)
    at configSecureContext (node:internal/tls/secure-context:191:5)
    at Object.createSecureContext (node:_tls_common:113:3)
    at Server.setSecureContext (node:_tls_wrap:1490:27)
    at Server (node:_tls_wrap:1354:8)
    at new Server (node:https:80:3)
    at Object.createServer (node:https:135:10)
    at Object.<anonymous> (C:\Users\JuanPabloGaviria\git\boltcard-nwc\simple-https-proxy.js:54:27)
Error: error:04800064:PEM routines::bad base64 decode
    at node:internal/tls/secure-context:70:13
    at Array.forEach (<anonymous>)
    at setCerts (node:internal/tls/secure-context:68:3)
    at configSecureContext (node:internal/tls/secure-context:191:5)
    at Object.createSecureContext (node:_tls_common:113:3)
    at Server.setSecureContext (node:_tls_wrap:1490:27)
    at Server (node:_tls_wrap:1354:8)
    at new Server (node:https:80:3)
    at Object.createServer (node:https:135:10)
    at Object.<anonymous> (C:\Users\JuanPabloGaviria\git\boltcard-nwc\simple-https-proxy.js:54:27)
Error: error:04800064:PEM routines::bad base64 decode
    at node:internal/tls/secure-context:70:13
    at Array.forEach (<anonymous>)
    at setCerts (node:internal/tls/secure-context:68:3)
    at configSecureContext (node:internal/tls/secure-context:191:5)
    at Object.createSecureContext (node:_tls_common:113:3)
    at Server.setSecureContext (node:_tls_wrap:1490:27)
    at Server (node:_tls_wrap:1354:8)
    at new Server (node:https:80:3)
    at Object.createServer (node:https:135:10)
    at Object.<anonymous> (C:\Users\JuanPabloGaviria\git\boltcard-nwc\simple-https-proxy.js:54:27)
Error: error:04800064:PEM routines::bad base64 decode
    at node:internal/tls/secure-context:70:13
    at Array.forEach (<anonymous>)
    at setCerts (node:internal/tls/secure-context:68:3)
    at configSecureContext (node:internal/tls/secure-context:191:5)
    at Object.createSecureContext (node:_tls_common:113:3)
    at Server.setSecureContext (node:_tls_wrap:1490:27)
    at Server (node:_tls_wrap:1354:8)
    at new Server (node:https:80:3)
    at Object.createServer (node:https:135:10)
    at Object.<anonymous> (C:\Users\JuanPabloGaviria\git\boltcard-nwc\simple-https-proxy.js:54:27)
Error: error:04800064:PEM routines::bad base64 decode
    at node:internal/tls/secure-context:70:13
    at Array.forEach (<anonymous>)
    at setCerts (node:internal/tls/secure-context:68:3)
    at configSecureContext (node:internal/tls/secure-context:191:5)
    at Object.createSecureContext (node:_tls_common:113:3)
    at Server.setSecureContext (node:_tls_wrap:1490:27)
    at Server (node:_tls_wrap:1354:8)
    at new Server (node:https:80:3)
    at Object.createServer (node:https:135:10)
    at Object.<anonymous> (C:\Users\JuanPabloGaviria\git\boltcard-nwc\simple-https-proxy.js:54:27)
Error: error:04800064:PEM routines::bad base64 decode
    at node:internal/tls/secure-context:70:13
    at Array.forEach (<anonymous>)
    at setCerts (node:internal/tls/secure-context:68:3)
    at configSecureContext (node:internal/tls/secure-context:191:5)
    at Object.createSecureContext (node:_tls_common:113:3)
    at Server.setSecureContext (node:_tls_wrap:1490:27)
    at Server (node:_tls_wrap:1354:8)
    at new Server (node:https:80:3)
    at Object.createServer (node:https:135:10)
    at Object.<anonymous> (C:\Users\JuanPabloGaviria\git\boltcard-nwc\simple-https-proxy.js:54:27)
Error: error:04800064:PEM routines::bad base64 decode
    at node:internal/tls/secure-context:70:13
    at Array.forEach (<anonymous>)
    at setCerts (node:internal/tls/secure-context:68:3)
    at configSecureContext (node:internal/tls/secure-context:191:5)
    at Object.createSecureContext (node:_tls_common:113:3)
    at Server.setSecureContext (node:_tls_wrap:1490:27)
    at Server (node:_tls_wrap:1354:8)
    at new Server (node:https:80:3)
    at Object.createServer (node:https:135:10)
    at Object.<anonymous> (C:\Users\JuanPabloGaviria\git\boltcard-nwc\simple-https-proxy.js:54:27)
Error: error:04800064:PEM routines::bad base64 decode
    at node:internal/tls/secure-context:70:13
    at Array.forEach (<anonymous>)
    at setCerts (node:internal/tls/secure-context:68:3)
    at configSecureContext (node:internal/tls/secure-context:191:5)
    at Object.createSecureContext (node:_tls_common:113:3)
    at Server.setSecureContext (node:_tls_wrap:1490:27)
    at Server (node:_tls_wrap:1354:8)
    at new Server (node:https:80:3)
    at Object.createServer (node:https:135:10)
    at Object.<anonymous> (C:\Users\JuanPabloGaviria\git\boltcard-nwc\simple-https-proxy.js:54:27)
Error: error:04800064:PEM routines::bad base64 decode
    at node:internal/tls/secure-context:70:13
    at Array.forEach (<anonymous>)
    at setCerts (node:internal/tls/secure-context:68:3)
    at configSecureContext (node:internal/tls/secure-context:191:5)
    at Object.createSecureContext (node:_tls_common:113:3)
    at Server.setSecureContext (node:_tls_wrap:1490:27)
    at Server (node:_tls_wrap:1354:8)
    at new Server (node:https:80:3)
    at Object.createServer (node:https:135:10)
    at Object.<anonymous> (C:\Users\JuanPabloGaviria\git\boltcard-nwc\simple-https-proxy.js:54:27)
Error: error:04800064:PEM routines::bad base64 decode
    at node:internal/tls/secure-context:70:13
    at Array.forEach (<anonymous>)
    at setCerts (node:internal/tls/secure-context:68:3)
    at configSecureContext (node:internal/tls/secure-context:191:5)
    at Object.createSecureContext (node:_tls_common:113:3)
    at Server.setSecureContext (node:_tls_wrap:1490:27)
    at Server (node:_tls_wrap:1354:8)
    at new Server (node:https:80:3)
    at Object.createServer (node:https:135:10)
    at Object.<anonymous> (C:\Users\JuanPabloGaviria\git\boltcard-nwc\simple-https-proxy.js:54:27)
Error: error:04800064:PEM routines::bad base64 decode
    at node:internal/tls/secure-context:70:13
    at Array.forEach (<anonymous>)
    at setCerts (node:internal/tls/secure-context:68:3)
    at configSecureContext (node:internal/tls/secure-context:191:5)
    at Object.createSecureContext (node:_tls_common:113:3)
    at Server.setSecureContext (node:_tls_wrap:1490:27)
    at Server (node:_tls_wrap:1354:8)
    at new Server (node:https:80:3)
    at Object.createServer (node:https:135:10)
    at Object.<anonymous> (C:\Users\JuanPabloGaviria\git\boltcard-nwc\simple-https-proxy.js:54:27)
Error: error:04800064:PEM routines::bad base64 decode
    at node:internal/tls/secure-context:70:13
    at Array.forEach (<anonymous>)
    at setCerts (node:internal/tls/secure-context:68:3)
    at configSecureContext (node:internal/tls/secure-context:191:5)
    at Object.createSecureContext (node:_tls_common:113:3)
    at Server.setSecureContext (node:_tls_wrap:1490:27)
    at Server (node:_tls_wrap:1354:8)
    at new Server (node:https:80:3)
    at Object.createServer (node:https:135:10)
    at Object.<anonymous> (C:\Users\JuanPabloGaviria\git\boltcard-nwc\simple-https-proxy.js:54:27)
Error: error:04800064:PEM routines::bad base64 decode
    at node:internal/tls/secure-context:70:13
    at Array.forEach (<anonymous>)
    at setCerts (node:internal/tls/secure-context:68:3)
    at configSecureContext (node:internal/tls/secure-context:191:5)
    at Object.createSecureContext (node:_tls_common:113:3)
    at Server.setSecureContext (node:_tls_wrap:1490:27)
    at Server (node:_tls_wrap:1354:8)
    at new Server (node:https:80:3)
    at Object.createServer (node:https:135:10)
    at Object.<anonymous> (C:\Users\JuanPabloGaviria\git\boltcard-nwc\simple-https-proxy.js:54:27)
